2024-04-25 14:23:55,468 INFO o.a.j.u.JMeterUtils: Setting Locale to en_EN
2024-04-25 14:23:55,479 INFO o.a.j.JMeter: Loading user properties from: /opt/homebrew/Cellar/jmeter/5.6.3/libexec/bin/user.properties
2024-04-25 14:23:55,481 INFO o.a.j.JMeter: Loading system properties from: /opt/homebrew/Cellar/jmeter/5.6.3/libexec/bin/system.properties
2024-04-25 14:23:55,485 INFO o.a.j.JMeter: Copyright (c) 1998-2024 The Apache Software Foundation
2024-04-25 14:23:55,485 INFO o.a.j.JMeter: Version 5.6.3
2024-04-25 14:23:55,485 INFO o.a.j.JMeter: java.version=21.0.2
2024-04-25 14:23:55,485 INFO o.a.j.JMeter: java.vm.name=OpenJDK 64-Bit Server VM
2024-04-25 14:23:55,485 INFO o.a.j.JMeter: os.name=Mac OS X
2024-04-25 14:23:55,485 INFO o.a.j.JMeter: os.arch=aarch64
2024-04-25 14:23:55,485 INFO o.a.j.JMeter: os.version=14.4.1
2024-04-25 14:23:55,485 INFO o.a.j.JMeter: file.encoding=UTF-8
2024-04-25 14:23:55,485 INFO o.a.j.JMeter: java.awt.headless=null
2024-04-25 14:23:55,485 INFO o.a.j.JMeter: Max memory     =1073741824
2024-04-25 14:23:55,485 INFO o.a.j.JMeter: Available Processors =10
2024-04-25 14:23:55,490 INFO o.a.j.JMeter: Default Locale=English (EN)
2024-04-25 14:23:55,490 INFO o.a.j.JMeter: JMeter  Locale=English (EN)
2024-04-25 14:23:55,490 INFO o.a.j.JMeter: JMeterHome=/opt/homebrew/Cellar/jmeter/5.6.3/libexec
2024-04-25 14:23:55,490 INFO o.a.j.JMeter: user.dir  =/Users/rajkumar.tunuguntla/DevOps/GitHub_Test2
2024-04-25 14:23:55,490 INFO o.a.j.JMeter: PWD       =/Users/rajkumar.tunuguntla/DevOps/GitHub_Test2
2024-04-25 14:23:55,491 INFO o.a.j.JMeter: IP: 192.168.1.3 Name: MREM046658FB FullName: 192.168.1.3
2024-04-25 14:23:55,498 INFO o.a.j.JMeter: Loaded icon properties from org/apache/jmeter/images/icon.properties
2024-04-25 14:23:55,690 INFO o.a.j.JMeterGuiLauncher: Setting LAF to: com.github.weisj.darklaf.DarkLaf:com.github.weisj.darklaf.theme.IntelliJTheme
2024-04-25 14:23:56,533 INFO o.a.j.r.ClassFinder: Will scan jar /opt/homebrew/Cellar/jmeter/5.6.3/libexec/lib/ext/jmeter-plugins-manager-1.9.jar with filter ExtendsClassFilter [parents=[interface org.apache.jmeter.gui.action.Command], inner=false, contains=null, notContains=null]. Consider exposing JMeter plugins via META-INF/services, and add JMeter-Skip-Class-Scanning=true manifest attribute so JMeter can skip classfile scanning
2024-04-25 14:23:56,573 INFO o.a.j.r.ClassFinder: Will scan jar /opt/homebrew/Cellar/jmeter/5.6.3/libexec/lib/ext/jmeter-websocket-samplers-1.2.10.jar with filter ExtendsClassFilter [parents=[interface org.apache.jmeter.gui.action.Command], inner=false, contains=null, notContains=null]. Consider exposing JMeter plugins via META-INF/services, and add JMeter-Skip-Class-Scanning=true manifest attribute so JMeter can skip classfile scanning
2024-04-25 14:23:56,584 INFO o.a.j.r.ClassFinder: Will scan jar /opt/homebrew/Cellar/jmeter/5.6.3/libexec/lib/ext/jmeter-plugins-random-csv-data-set-0.8.jar with filter ExtendsClassFilter [parents=[interface org.apache.jmeter.gui.action.Command], inner=false, contains=null, notContains=null]. Consider exposing JMeter plugins via META-INF/services, and add JMeter-Skip-Class-Scanning=true manifest attribute so JMeter can skip classfile scanning
2024-04-25 14:23:56,632 INFO o.a.j.r.ClassFinder: Will scan jar /opt/homebrew/Cellar/jmeter/5.6.3/libexec/lib/ext/jmeter-plugins-manager-1.9.jar with filter ExtendsClassFilter [parents=[interface org.apache.jmeter.gui.plugin.MenuCreator], inner=false, contains=null, notContains=null]. Consider exposing JMeter plugins via META-INF/services, and add JMeter-Skip-Class-Scanning=true manifest attribute so JMeter can skip classfile scanning
2024-04-25 14:23:56,633 INFO o.a.j.r.ClassFinder: Will scan jar /opt/homebrew/Cellar/jmeter/5.6.3/libexec/lib/ext/jmeter-websocket-samplers-1.2.10.jar with filter ExtendsClassFilter [parents=[interface org.apache.jmeter.gui.plugin.MenuCreator], inner=false, contains=null, notContains=null]. Consider exposing JMeter plugins via META-INF/services, and add JMeter-Skip-Class-Scanning=true manifest attribute so JMeter can skip classfile scanning
2024-04-25 14:23:56,634 INFO o.a.j.r.ClassFinder: Will scan jar /opt/homebrew/Cellar/jmeter/5.6.3/libexec/lib/ext/jmeter-plugins-random-csv-data-set-0.8.jar with filter ExtendsClassFilter [parents=[interface org.apache.jmeter.gui.plugin.MenuCreator], inner=false, contains=null, notContains=null]. Consider exposing JMeter plugins via META-INF/services, and add JMeter-Skip-Class-Scanning=true manifest attribute so JMeter can skip classfile scanning
2024-04-25 14:23:56,720 INFO o.j.r.JARSourceHTTP: Found cached repo
2024-04-25 14:23:56,814 INFO o.j.r.PluginManager: Plugins Status: [jpgc-plugins-manager=1.9, bzm-random-csv=0.8, websocket-samplers=1.2.10, jmeter-core=5.6.3, jmeter-ftp=5.6.3, jmeter-http=5.6.3, jmeter-jdbc=5.6.3, jmeter-jms=5.6.3, jmeter-junit=5.6.3, jmeter-java=5.6.3, jmeter-ldap=5.6.3, jmeter-mail=5.6.3, jmeter-mongodb=5.6.3, jmeter-native=5.6.3, jmeter-tcp=5.6.3, jmeter-components=5.6.3]
2024-04-25 14:23:56,814 INFO o.j.r.PluginManagerMenuItem: Plugins Manager has upgrades: [jpgc-plugins-manager]
2024-04-25 14:24:03,703 INFO o.a.j.s.FileServer: Default base='/Users/rajkumar.tunuguntla/DevOps/GitHub_Test2'
2024-04-25 14:24:03,704 INFO o.a.j.g.a.Load: Loading file: /Users/rajkumar.tunuguntla/Downloads/NLU_Search_RegressionFinal.jmx
2024-04-25 14:24:03,704 INFO o.a.j.s.FileServer: Set new base='/Users/rajkumar.tunuguntla/Downloads'
2024-04-25 14:24:03,795 INFO o.a.j.s.SaveService: Testplan (JMX) version: 2.2. Testlog (JTL) version: 2.2
2024-04-25 14:24:03,803 INFO o.a.j.s.SaveService: Using SaveService properties version 5.0
2024-04-25 14:24:03,804 INFO o.a.j.s.SaveService: Using SaveService properties file encoding UTF-8
2024-04-25 14:24:03,805 INFO o.a.j.s.SaveService: Loading file: /Users/rajkumar.tunuguntla/Downloads/NLU_Search_RegressionFinal.jmx
2024-04-25 14:24:03,923 INFO o.a.j.p.h.c.CookieManager: Settings: Delete null: true Check: true Allow variable: true Save: false Prefix: COOKIE_
2024-04-25 14:24:03,925 INFO o.a.j.p.h.c.CacheManager: Will only cache the following methods: [GET]
2024-04-25 14:24:03,931 INFO o.a.j.p.h.s.HTTPSamplerBase: Parser for text/html is org.apache.jmeter.protocol.http.parser.LagartoBasedHtmlParser
2024-04-25 14:24:03,932 INFO o.a.j.p.h.s.HTTPSamplerBase: Parser for application/xhtml+xml is org.apache.jmeter.protocol.http.parser.LagartoBasedHtmlParser
2024-04-25 14:24:03,932 INFO o.a.j.p.h.s.HTTPSamplerBase: Parser for application/xml is org.apache.jmeter.protocol.http.parser.LagartoBasedHtmlParser
2024-04-25 14:24:03,932 INFO o.a.j.p.h.s.HTTPSamplerBase: Parser for text/xml is org.apache.jmeter.protocol.http.parser.LagartoBasedHtmlParser
2024-04-25 14:24:03,932 INFO o.a.j.p.h.s.HTTPSamplerBase: Parser for text/vnd.wap.wml is org.apache.jmeter.protocol.http.parser.RegexpHTMLParser
2024-04-25 14:24:03,932 INFO o.a.j.p.h.s.HTTPSamplerBase: Parser for text/css is org.apache.jmeter.protocol.http.parser.CssParser
2024-04-25 14:24:04,486 INFO o.a.j.s.SampleResult: Note: Sample TimeStamps are START times
2024-04-25 14:24:04,486 INFO o.a.j.s.SampleResult: sampleresult.default.encoding is set to UTF-8
2024-04-25 14:24:04,486 INFO o.a.j.s.SampleResult: sampleresult.useNanoTime=true
2024-04-25 14:24:04,486 INFO o.a.j.s.SampleResult: sampleresult.nanoThreadSleep=5000
2024-04-25 14:24:04,538 INFO o.a.j.r.ClassFinder: Will scan jar /opt/homebrew/Cellar/jmeter/5.6.3/libexec/lib/ext/jmeter-plugins-manager-1.9.jar with filter ExtendsClassFilter [parents=[interface org.apache.jmeter.visualizers.ResultRenderer], inner=false, contains=null, notContains=null]. Consider exposing JMeter plugins via META-INF/services, and add JMeter-Skip-Class-Scanning=true manifest attribute so JMeter can skip classfile scanning
2024-04-25 14:24:04,539 INFO o.a.j.r.ClassFinder: Will scan jar /opt/homebrew/Cellar/jmeter/5.6.3/libexec/lib/ext/jmeter-websocket-samplers-1.2.10.jar with filter ExtendsClassFilter [parents=[interface org.apache.jmeter.visualizers.ResultRenderer], inner=false, contains=null, notContains=null]. Consider exposing JMeter plugins via META-INF/services, and add JMeter-Skip-Class-Scanning=true manifest attribute so JMeter can skip classfile scanning
2024-04-25 14:24:04,540 INFO o.a.j.r.ClassFinder: Will scan jar /opt/homebrew/Cellar/jmeter/5.6.3/libexec/lib/ext/jmeter-plugins-random-csv-data-set-0.8.jar with filter ExtendsClassFilter [parents=[interface org.apache.jmeter.visualizers.ResultRenderer], inner=false, contains=null, notContains=null]. Consider exposing JMeter plugins via META-INF/services, and add JMeter-Skip-Class-Scanning=true manifest attribute so JMeter can skip classfile scanning
2024-04-25 14:24:04,548 INFO o.a.j.r.ClassFinder: Will scan jar /opt/homebrew/Cellar/jmeter/5.6.3/libexec/lib/ext/jmeter-plugins-manager-1.9.jar with filter ExtendsClassFilter [parents=[interface org.apache.jmeter.visualizers.RequestView], inner=false, contains=null, notContains=null]. Consider exposing JMeter plugins via META-INF/services, and add JMeter-Skip-Class-Scanning=true manifest attribute so JMeter can skip classfile scanning
2024-04-25 14:24:04,549 INFO o.a.j.r.ClassFinder: Will scan jar /opt/homebrew/Cellar/jmeter/5.6.3/libexec/lib/ext/jmeter-websocket-samplers-1.2.10.jar with filter ExtendsClassFilter [parents=[interface org.apache.jmeter.visualizers.RequestView], inner=false, contains=null, notContains=null]. Consider exposing JMeter plugins via META-INF/services, and add JMeter-Skip-Class-Scanning=true manifest attribute so JMeter can skip classfile scanning
2024-04-25 14:24:04,550 INFO o.a.j.r.ClassFinder: Will scan jar /opt/homebrew/Cellar/jmeter/5.6.3/libexec/lib/ext/jmeter-plugins-random-csv-data-set-0.8.jar with filter ExtendsClassFilter [parents=[interface org.apache.jmeter.visualizers.RequestView], inner=false, contains=null, notContains=null]. Consider exposing JMeter plugins via META-INF/services, and add JMeter-Skip-Class-Scanning=true manifest attribute so JMeter can skip classfile scanning
2024-04-25 14:24:04,606 INFO o.a.j.s.FileServer: Set new base='/Users/rajkumar.tunuguntla/Downloads'
2024-04-25 14:24:24,792 WARN o.a.j.g.MainFrame: Importing file, NLU_Search_RegressionFinal.jmx copy, from DnD failed because file extension does not end with .jmx
2024-04-25 14:24:26,400 WARN o.a.j.g.MainFrame: Importing file, NLU_Search_RegressionFinal.jmx copy, from DnD failed because file extension does not end with .jmx
2024-04-25 14:24:27,994 WARN o.a.j.g.MainFrame: Importing file, NLU_Search_RegressionFinal.jmx copy, from DnD failed because file extension does not end with .jmx
2024-04-25 14:24:30,759 WARN o.a.j.g.MainFrame: Importing file, NLU_Search_RegressionFinal.jmx copy, from DnD failed because file extension does not end with .jmx
2024-04-25 14:24:58,888 INFO o.a.j.g.a.Load: Loading file: /Users/rajkumar.tunuguntla/Downloads/NLU_Search_RegressionFinal_1.jmx
2024-04-25 14:24:58,888 INFO o.a.j.s.FileServer: Set new base='/Users/rajkumar.tunuguntla/Downloads'
2024-04-25 14:24:58,888 INFO o.a.j.s.SaveService: Loading file: /Users/rajkumar.tunuguntla/Downloads/NLU_Search_RegressionFinal_1.jmx
2024-04-25 14:24:58,973 INFO o.a.j.r.ClassFinder: Will scan jar /opt/homebrew/Cellar/jmeter/5.6.3/libexec/lib/ext/jmeter-plugins-manager-1.9.jar with filter ExtendsClassFilter [parents=[interface org.apache.jmeter.visualizers.ResultRenderer], inner=false, contains=null, notContains=null]. Consider exposing JMeter plugins via META-INF/services, and add JMeter-Skip-Class-Scanning=true manifest attribute so JMeter can skip classfile scanning
2024-04-25 14:24:58,974 INFO o.a.j.r.ClassFinder: Will scan jar /opt/homebrew/Cellar/jmeter/5.6.3/libexec/lib/ext/jmeter-websocket-samplers-1.2.10.jar with filter ExtendsClassFilter [parents=[interface org.apache.jmeter.visualizers.ResultRenderer], inner=false, contains=null, notContains=null]. Consider exposing JMeter plugins via META-INF/services, and add JMeter-Skip-Class-Scanning=true manifest attribute so JMeter can skip classfile scanning
2024-04-25 14:24:58,975 INFO o.a.j.r.ClassFinder: Will scan jar /opt/homebrew/Cellar/jmeter/5.6.3/libexec/lib/ext/jmeter-plugins-random-csv-data-set-0.8.jar with filter ExtendsClassFilter [parents=[interface org.apache.jmeter.visualizers.ResultRenderer], inner=false, contains=null, notContains=null]. Consider exposing JMeter plugins via META-INF/services, and add JMeter-Skip-Class-Scanning=true manifest attribute so JMeter can skip classfile scanning
2024-04-25 14:24:58,980 INFO o.a.j.r.ClassFinder: Will scan jar /opt/homebrew/Cellar/jmeter/5.6.3/libexec/lib/ext/jmeter-plugins-manager-1.9.jar with filter ExtendsClassFilter [parents=[interface org.apache.jmeter.visualizers.RequestView], inner=false, contains=null, notContains=null]. Consider exposing JMeter plugins via META-INF/services, and add JMeter-Skip-Class-Scanning=true manifest attribute so JMeter can skip classfile scanning
2024-04-25 14:24:58,981 INFO o.a.j.r.ClassFinder: Will scan jar /opt/homebrew/Cellar/jmeter/5.6.3/libexec/lib/ext/jmeter-websocket-samplers-1.2.10.jar with filter ExtendsClassFilter [parents=[interface org.apache.jmeter.visualizers.RequestView], inner=false, contains=null, notContains=null]. Consider exposing JMeter plugins via META-INF/services, and add JMeter-Skip-Class-Scanning=true manifest attribute so JMeter can skip classfile scanning
2024-04-25 14:24:58,981 INFO o.a.j.r.ClassFinder: Will scan jar /opt/homebrew/Cellar/jmeter/5.6.3/libexec/lib/ext/jmeter-plugins-random-csv-data-set-0.8.jar with filter ExtendsClassFilter [parents=[interface org.apache.jmeter.visualizers.RequestView], inner=false, contains=null, notContains=null]. Consider exposing JMeter plugins via META-INF/services, and add JMeter-Skip-Class-Scanning=true manifest attribute so JMeter can skip classfile scanning
2024-04-25 14:24:59,012 INFO o.a.j.s.FileServer: Set new base='/Users/rajkumar.tunuguntla/Downloads'
2024-04-25 14:24:59,012 ERROR o.a.j.JMeter: Uncaught exception in thread Thread[#36,AWT-EventQueue-0,6,main]
java.lang.NullPointerException: Cannot read field "y" because "rect" is null
	at java.desktop/javax.swing.plaf.basic.BasicTreeUI.getDropLineRect(BasicTreeUI.java:1538) ~[?:?]
	at java.desktop/javax.swing.plaf.basic.BasicTreeUI$Handler.repaintDropLocation(BasicTreeUI.java:3959) ~[?:?]
	at java.desktop/javax.swing.plaf.basic.BasicTreeUI$Handler.propertyChange(BasicTreeUI.java:3945) ~[?:?]
	at java.desktop/java.beans.PropertyChangeSupport.fire(PropertyChangeSupport.java:343) ~[?:?]
	at java.desktop/java.beans.PropertyChangeSupport.firePropertyChange(PropertyChangeSupport.java:335) ~[?:?]
	at java.desktop/java.beans.PropertyChangeSupport.firePropertyChange(PropertyChangeSupport.java:268) ~[?:?]
	at java.desktop/java.awt.Component.firePropertyChange(Component.java:8717) ~[?:?]
	at java.desktop/javax.swing.JTree.setDropLocation(JTree.java:1523) ~[?:?]
	at java.desktop/javax.swing.TransferHandler$DropHandler.setComponentDropLocation(TransferHandler.java:1452) ~[?:?]
	at java.desktop/javax.swing.TransferHandler$DropHandler.cleanup(TransferHandler.java:1570) ~[?:?]
	at java.desktop/javax.swing.TransferHandler$DropHandler.drop(TransferHandler.java:1550) ~[?:?]
	at java.desktop/java.awt.dnd.DropTarget.drop(DropTarget.java:455) ~[?:?]
	at java.desktop/javax.swing.TransferHandler$SwingDropTarget.drop(TransferHandler.java:1282) ~[?:?]
	at java.desktop/sun.awt.dnd.SunDropTargetContextPeer.processDropMessage(SunDropTargetContextPeer.java:548) ~[?:?]
	at java.desktop/sun.lwawt.macosx.CDropTargetContextPeer.processDropMessage(CDropTargetContextPeer.java:129) ~[?:?]
	at java.desktop/sun.awt.dnd.SunDropTargetContextPeer$EventDispatcher.dispatchDropEvent(SunDropTargetContextPeer.java:864) ~[?:?]
	at java.desktop/sun.awt.dnd.SunDropTargetContextPeer$EventDispatcher.dispatchEvent(SunDropTargetContextPeer.java:788) ~[?:?]
	at java.desktop/sun.awt.dnd.SunDropTargetEvent.dispatch(SunDropTargetEvent.java:48) ~[?:?]
	at java.desktop/java.awt.Component.dispatchEventImpl(Component.java:4861) ~[?:?]
	at java.desktop/java.awt.Container.dispatchEventImpl(Container.java:2324) ~[?:?]
	at java.desktop/java.awt.Component.dispatchEvent(Component.java:4828) ~[?:?]
	at java.desktop/java.awt.LightweightDispatcher.retargetMouseEvent(Container.java:4948) ~[?:?]
	at java.desktop/java.awt.LightweightDispatcher.processDropTargetEvent(Container.java:4649) ~[?:?]
	at java.desktop/java.awt.LightweightDispatcher.dispatchEvent(Container.java:4511) ~[?:?]
	at java.desktop/java.awt.Container.dispatchEventImpl(Container.java:2310) ~[?:?]
	at java.desktop/java.awt.Window.dispatchEventImpl(Window.java:2780) ~[?:?]
	at java.desktop/java.awt.Component.dispatchEvent(Component.java:4828) ~[?:?]
	at java.desktop/java.awt.EventQueue.dispatchEventImpl(EventQueue.java:775) ~[?:?]
	at java.desktop/java.awt.EventQueue$4.run(EventQueue.java:720) ~[?:?]
	at java.desktop/java.awt.EventQueue$4.run(EventQueue.java:714) ~[?:?]
	at java.base/java.security.AccessController.doPrivileged(AccessController.java:400) ~[?:?]
	at java.base/java.security.ProtectionDomain$JavaSecurityAccessImpl.doIntersectionPrivilege(ProtectionDomain.java:87) ~[?:?]
	at java.base/java.security.ProtectionDomain$JavaSecurityAccessImpl.doIntersectionPrivilege(ProtectionDomain.java:98) ~[?:?]
	at java.desktop/java.awt.EventQueue$5.run(EventQueue.java:747) ~[?:?]
	at java.desktop/java.awt.EventQueue$5.run(EventQueue.java:745) ~[?:?]
	at java.base/java.security.AccessController.doPrivileged(AccessController.java:400) ~[?:?]
	at java.base/java.security.ProtectionDomain$JavaSecurityAccessImpl.doIntersectionPrivilege(ProtectionDomain.java:87) ~[?:?]
	at java.desktop/java.awt.EventQueue.dispatchEvent(EventQueue.java:744) ~[?:?]
	at java.desktop/java.awt.EventDispatchThread.pumpOneEventForFilters(EventDispatchThread.java:203) [?:?]
	at java.desktop/java.awt.EventDispatchThread.pumpEventsForFilter(EventDispatchThread.java:124) [?:?]
	at java.desktop/java.awt.EventDispatchThread.pumpEventsForHierarchy(EventDispatchThread.java:113) [?:?]
	at java.desktop/java.awt.EventDispatchThread.pumpEvents(EventDispatchThread.java:109) [?:?]
	at java.desktop/java.awt.EventDispatchThread.pumpEvents(EventDispatchThread.java:101) [?:?]
	at java.desktop/java.awt.EventDispatchThread.run(EventDispatchThread.java:90) [?:?]
2024-04-25 14:25:07,228 INFO o.a.j.e.StandardJMeterEngine: Running the test!
2024-04-25 14:25:07,229 INFO o.a.j.s.SampleEvent: List of sample_variables: []
2024-04-25 14:25:07,229 INFO o.a.j.s.SampleEvent: List of sample_variables: []
2024-04-25 14:25:07,229 INFO o.a.j.e.u.CompoundVariable: Note: Function class names must contain the string: '.functions.'
2024-04-25 14:25:07,229 INFO o.a.j.e.u.CompoundVariable: Note: Function class names must not contain the string: '.gui.'
2024-04-25 14:25:07,243 INFO o.a.j.r.ClassFinder: Will scan jar /opt/homebrew/Cellar/jmeter/5.6.3/libexec/lib/ext/jmeter-plugins-manager-1.9.jar with filter ExtendsClassFilter [parents=[interface org.apache.jmeter.functions.Function], inner=false, contains=null, notContains=null]. Consider exposing JMeter plugins via META-INF/services, and add JMeter-Skip-Class-Scanning=true manifest attribute so JMeter can skip classfile scanning
2024-04-25 14:25:07,244 INFO o.a.j.r.ClassFinder: Will scan jar /opt/homebrew/Cellar/jmeter/5.6.3/libexec/lib/ext/jmeter-websocket-samplers-1.2.10.jar with filter ExtendsClassFilter [parents=[interface org.apache.jmeter.functions.Function], inner=false, contains=null, notContains=null]. Consider exposing JMeter plugins via META-INF/services, and add JMeter-Skip-Class-Scanning=true manifest attribute so JMeter can skip classfile scanning
2024-04-25 14:25:07,245 INFO o.a.j.r.ClassFinder: Will scan jar /opt/homebrew/Cellar/jmeter/5.6.3/libexec/lib/ext/jmeter-plugins-random-csv-data-set-0.8.jar with filter ExtendsClassFilter [parents=[interface org.apache.jmeter.functions.Function], inner=false, contains=null, notContains=null]. Consider exposing JMeter plugins via META-INF/services, and add JMeter-Skip-Class-Scanning=true manifest attribute so JMeter can skip classfile scanning
2024-04-25 14:25:07,253 INFO o.a.j.g.u.JMeterMenuBar: setRunning(true, *local*)
2024-04-25 14:25:07,290 INFO o.a.j.e.StandardJMeterEngine: Starting ThreadGroup: 1 : NLU_Search
2024-04-25 14:25:07,290 INFO o.a.j.e.StandardJMeterEngine: Starting 1 threads for group NLU_Search.
2024-04-25 14:25:07,290 INFO o.a.j.e.StandardJMeterEngine: Thread will start next loop on error
2024-04-25 14:25:07,290 INFO o.a.j.t.ThreadGroup: Starting thread group... number=1 threads=1 ramp-up=1 delayedStart=false
2024-04-25 14:25:07,294 INFO o.a.j.t.ThreadGroup: Started thread group number 1
2024-04-25 14:25:07,294 INFO o.a.j.e.StandardJMeterEngine: All thread groups have been started
2024-04-25 14:25:07,295 INFO o.a.j.t.JMeterThread: Thread started: NLU_Search 1-1
2024-04-25 14:25:07,299 INFO o.a.j.p.h.s.HTTPHCAbstractImpl: Local host = MREM046658FB
2024-04-25 14:25:07,302 INFO o.a.j.p.h.s.HTTPHC4Impl: HTTP request retry count = 0
2024-04-25 14:25:07,479 INFO o.a.j.p.h.s.h.LazyLayeredConnectionSocketFactory: Setting up HTTPS TrustAll Socket Factory
2024-04-25 14:25:07,480 INFO o.a.j.u.JsseSSLManager: Using default SSL protocol: TLS
2024-04-25 14:25:07,480 INFO o.a.j.u.JsseSSLManager: SSL session context: per-thread
2024-04-25 14:25:07,811 INFO o.a.j.u.SSLManager: JmeterKeyStore Location:  type JKS
2024-04-25 14:25:07,812 INFO o.a.j.u.SSLManager: KeyStore created OK
2024-04-25 14:25:07,813 WARN o.a.j.u.SSLManager: Keystore file not found, loading empty keystore
2024-04-25 14:25:42,982 ERROR o.a.j.e.JSR223PostProcessor: Problem in JSR223 script, Get Response 2
javax.script.ScriptException: java.lang.IllegalArgumentException: Text must not be null or empty
	at org.codehaus.groovy.jsr223.GroovyScriptEngineImpl.eval(GroovyScriptEngineImpl.java:320) ~[groovy-jsr223-3.0.20.jar:3.0.20]
	at org.codehaus.groovy.jsr223.GroovyCompiledScript.eval(GroovyCompiledScript.java:71) ~[groovy-jsr223-3.0.20.jar:3.0.20]
	at java.scripting/javax.script.CompiledScript.eval(CompiledScript.java:93) ~[java.scripting:?]
	at org.apache.jmeter.util.JSR223TestElement.processFileOrScript(JSR223TestElement.java:230) ~[ApacheJMeter_core.jar:5.6.3]
	at org.apache.jmeter.extractor.JSR223PostProcessor.process(JSR223PostProcessor.java:45) ~[ApacheJMeter_components.jar:5.6.3]
	at org.apache.jmeter.threads.JMeterThread.runPostProcessors(JMeterThread.java:973) ~[ApacheJMeter_core.jar:5.6.3]
	at org.apache.jmeter.threads.JMeterThread.executeSamplePackage(JMeterThread.java:585) ~[ApacheJMeter_core.jar:5.6.3]
	at org.apache.jmeter.threads.JMeterThread.processSampler(JMeterThread.java:501) ~[ApacheJMeter_core.jar:5.6.3]
	at org.apache.jmeter.threads.JMeterThread.run(JMeterThread.java:268) ~[ApacheJMeter_core.jar:5.6.3]
	at java.base/java.lang.Thread.run(Thread.java:1583) [?:?]
Caused by: java.lang.IllegalArgumentException: Text must not be null or empty
	at groovy.json.JsonSlurper.parseText(JsonSlurper.java:202) ~[groovy-json-3.0.20.jar:3.0.20]
	at groovy.json.JsonSlurper$parseText.call(Unknown Source) ~[?:?]
	at Script4.run(Script4.groovy:3) ~[?:?]
	at org.codehaus.groovy.jsr223.GroovyScriptEngineImpl.eval(GroovyScriptEngineImpl.java:317) ~[groovy-jsr223-3.0.20.jar:3.0.20]
	... 9 more
2024-04-25 14:25:42,996 INFO o.a.j.t.JMeterThread: Thread is done: NLU_Search 1-1
2024-04-25 14:25:42,996 INFO o.a.j.t.JMeterThread: Thread finished: NLU_Search 1-1
2024-04-25 14:25:42,999 INFO o.a.j.e.StandardJMeterEngine: Notifying test listeners of end of test
2024-04-25 14:25:43,006 INFO o.a.j.g.u.JMeterMenuBar: setRunning(false, *local*)
2024-04-25 14:29:22,033 INFO o.a.j.r.ClassFinder: Will scan jar /opt/homebrew/Cellar/jmeter/5.6.3/libexec/lib/ext/jmeter-plugins-manager-1.9.jar with filter ExtendsClassFilter [parents=[interface org.apache.jmeter.visualizers.ResultRenderer], inner=false, contains=null, notContains=null]. Consider exposing JMeter plugins via META-INF/services, and add JMeter-Skip-Class-Scanning=true manifest attribute so JMeter can skip classfile scanning
2024-04-25 14:29:22,035 INFO o.a.j.r.ClassFinder: Will scan jar /opt/homebrew/Cellar/jmeter/5.6.3/libexec/lib/ext/jmeter-websocket-samplers-1.2.10.jar with filter ExtendsClassFilter [parents=[interface org.apache.jmeter.visualizers.ResultRenderer], inner=false, contains=null, notContains=null]. Consider exposing JMeter plugins via META-INF/services, and add JMeter-Skip-Class-Scanning=true manifest attribute so JMeter can skip classfile scanning
2024-04-25 14:29:22,036 INFO o.a.j.r.ClassFinder: Will scan jar /opt/homebrew/Cellar/jmeter/5.6.3/libexec/lib/ext/jmeter-plugins-random-csv-data-set-0.8.jar with filter ExtendsClassFilter [parents=[interface org.apache.jmeter.visualizers.ResultRenderer], inner=false, contains=null, notContains=null]. Consider exposing JMeter plugins via META-INF/services, and add JMeter-Skip-Class-Scanning=true manifest attribute so JMeter can skip classfile scanning
2024-04-25 14:29:22,041 INFO o.a.j.r.ClassFinder: Will scan jar /opt/homebrew/Cellar/jmeter/5.6.3/libexec/lib/ext/jmeter-plugins-manager-1.9.jar with filter ExtendsClassFilter [parents=[interface org.apache.jmeter.visualizers.RequestView], inner=false, contains=null, notContains=null]. Consider exposing JMeter plugins via META-INF/services, and add JMeter-Skip-Class-Scanning=true manifest attribute so JMeter can skip classfile scanning
2024-04-25 14:29:22,042 INFO o.a.j.r.ClassFinder: Will scan jar /opt/homebrew/Cellar/jmeter/5.6.3/libexec/lib/ext/jmeter-websocket-samplers-1.2.10.jar with filter ExtendsClassFilter [parents=[interface org.apache.jmeter.visualizers.RequestView], inner=false, contains=null, notContains=null]. Consider exposing JMeter plugins via META-INF/services, and add JMeter-Skip-Class-Scanning=true manifest attribute so JMeter can skip classfile scanning
2024-04-25 14:29:22,043 INFO o.a.j.r.ClassFinder: Will scan jar /opt/homebrew/Cellar/jmeter/5.6.3/libexec/lib/ext/jmeter-plugins-random-csv-data-set-0.8.jar with filter ExtendsClassFilter [parents=[interface org.apache.jmeter.visualizers.RequestView], inner=false, contains=null, notContains=null]. Consider exposing JMeter plugins via META-INF/services, and add JMeter-Skip-Class-Scanning=true manifest attribute so JMeter can skip classfile scanning
2024-04-25 14:29:22,066 INFO o.a.j.g.a.Load: Loading file: /Users/rajkumar.tunuguntla/Downloads/NLU_Search_RegressionFinal.jmx
2024-04-25 14:29:22,067 INFO o.a.j.s.FileServer: Set new base='/Users/rajkumar.tunuguntla/Downloads'
2024-04-25 14:29:22,067 INFO o.a.j.s.SaveService: Loading file: /Users/rajkumar.tunuguntla/Downloads/NLU_Search_RegressionFinal.jmx
2024-04-25 14:29:22,200 INFO o.a.j.r.ClassFinder: Will scan jar /opt/homebrew/Cellar/jmeter/5.6.3/libexec/lib/ext/jmeter-plugins-manager-1.9.jar with filter ExtendsClassFilter [parents=[interface org.apache.jmeter.visualizers.ResultRenderer], inner=false, contains=null, notContains=null]. Consider exposing JMeter plugins via META-INF/services, and add JMeter-Skip-Class-Scanning=true manifest attribute so JMeter can skip classfile scanning
2024-04-25 14:29:22,201 INFO o.a.j.r.ClassFinder: Will scan jar /opt/homebrew/Cellar/jmeter/5.6.3/libexec/lib/ext/jmeter-websocket-samplers-1.2.10.jar with filter ExtendsClassFilter [parents=[interface org.apache.jmeter.visualizers.ResultRenderer], inner=false, contains=null, notContains=null]. Consider exposing JMeter plugins via META-INF/services, and add JMeter-Skip-Class-Scanning=true manifest attribute so JMeter can skip classfile scanning
2024-04-25 14:29:22,202 INFO o.a.j.r.ClassFinder: Will scan jar /opt/homebrew/Cellar/jmeter/5.6.3/libexec/lib/ext/jmeter-plugins-random-csv-data-set-0.8.jar with filter ExtendsClassFilter [parents=[interface org.apache.jmeter.visualizers.ResultRenderer], inner=false, contains=null, notContains=null]. Consider exposing JMeter plugins via META-INF/services, and add JMeter-Skip-Class-Scanning=true manifest attribute so JMeter can skip classfile scanning
2024-04-25 14:29:22,207 INFO o.a.j.r.ClassFinder: Will scan jar /opt/homebrew/Cellar/jmeter/5.6.3/libexec/lib/ext/jmeter-plugins-manager-1.9.jar with filter ExtendsClassFilter [parents=[interface org.apache.jmeter.visualizers.RequestView], inner=false, contains=null, notContains=null]. Consider exposing JMeter plugins via META-INF/services, and add JMeter-Skip-Class-Scanning=true manifest attribute so JMeter can skip classfile scanning
2024-04-25 14:29:22,207 INFO o.a.j.r.ClassFinder: Will scan jar /opt/homebrew/Cellar/jmeter/5.6.3/libexec/lib/ext/jmeter-websocket-samplers-1.2.10.jar with filter ExtendsClassFilter [parents=[interface org.apache.jmeter.visualizers.RequestView], inner=false, contains=null, notContains=null]. Consider exposing JMeter plugins via META-INF/services, and add JMeter-Skip-Class-Scanning=true manifest attribute so JMeter can skip classfile scanning
2024-04-25 14:29:22,208 INFO o.a.j.r.ClassFinder: Will scan jar /opt/homebrew/Cellar/jmeter/5.6.3/libexec/lib/ext/jmeter-plugins-random-csv-data-set-0.8.jar with filter ExtendsClassFilter [parents=[interface org.apache.jmeter.visualizers.RequestView], inner=false, contains=null, notContains=null]. Consider exposing JMeter plugins via META-INF/services, and add JMeter-Skip-Class-Scanning=true manifest attribute so JMeter can skip classfile scanning
2024-04-25 14:29:22,224 INFO o.a.j.s.FileServer: Set new base='/Users/rajkumar.tunuguntla/Downloads'
2024-04-25 14:29:48,124 INFO o.a.j.e.StandardJMeterEngine: Running the test!
2024-04-25 14:29:48,125 INFO o.a.j.s.SampleEvent: List of sample_variables: []
2024-04-25 14:29:48,147 INFO o.a.j.g.u.JMeterMenuBar: setRunning(true, *local*)
2024-04-25 14:29:48,202 INFO o.a.j.e.StandardJMeterEngine: Starting ThreadGroup: 1 : NLU_Search
2024-04-25 14:29:48,202 INFO o.a.j.e.StandardJMeterEngine: Starting 1 threads for group NLU_Search.
2024-04-25 14:29:48,202 INFO o.a.j.e.StandardJMeterEngine: Thread will start next loop on error
2024-04-25 14:29:48,203 INFO o.a.j.t.ThreadGroup: Starting thread group... number=1 threads=1 ramp-up=1 delayedStart=false
2024-04-25 14:29:48,206 INFO o.a.j.t.ThreadGroup: Started thread group number 1
2024-04-25 14:29:48,206 INFO o.a.j.e.StandardJMeterEngine: All thread groups have been started
2024-04-25 14:29:48,210 INFO o.a.j.t.JMeterThread: Thread started: NLU_Search 1-1
2024-04-25 14:30:36,227 WARN o.a.j.p.h.s.HTTPSamplerBase: Existing CookieManager HTTP Cookie Manager superseded by HTTP Cookie Manager
2024-04-25 14:30:37,208 WARN o.a.j.p.h.s.HTTPSamplerBase: Existing CookieManager HTTP Cookie Manager superseded by HTTP Cookie Manager
2024-04-25 14:30:43,204 WARN o.a.j.p.h.s.HTTPSamplerBase: Existing CookieManager HTTP Cookie Manager superseded by HTTP Cookie Manager
2024-04-25 14:30:46,054 WARN o.a.j.p.h.s.HTTPSamplerBase: Existing CookieManager HTTP Cookie Manager superseded by HTTP Cookie Manager
2024-04-25 14:31:18,675 WARN o.a.j.p.h.s.HTTPSamplerBase: Existing CookieManager HTTP Cookie Manager superseded by HTTP Cookie Manager
2024-04-25 14:31:20,440 WARN o.a.j.p.h.s.HTTPSamplerBase: Existing CookieManager HTTP Cookie Manager superseded by HTTP Cookie Manager
2024-04-25 14:31:25,883 WARN o.a.j.p.h.s.HTTPSamplerBase: Existing CookieManager HTTP Cookie Manager superseded by HTTP Cookie Manager
2024-04-25 14:31:29,119 WARN o.a.j.p.h.s.HTTPSamplerBase: Existing CookieManager HTTP Cookie Manager superseded by HTTP Cookie Manager
2024-04-25 14:32:01,770 WARN o.a.j.p.h.s.HTTPSamplerBase: Existing CookieManager HTTP Cookie Manager superseded by HTTP Cookie Manager
2024-04-25 14:32:02,754 WARN o.a.j.p.h.s.HTTPSamplerBase: Existing CookieManager HTTP Cookie Manager superseded by HTTP Cookie Manager
2024-04-25 14:32:08,213 WARN o.a.j.p.h.s.HTTPSamplerBase: Existing CookieManager HTTP Cookie Manager superseded by HTTP Cookie Manager
2024-04-25 14:32:11,405 WARN o.a.j.p.h.s.HTTPSamplerBase: Existing CookieManager HTTP Cookie Manager superseded by HTTP Cookie Manager
2024-04-25 14:32:39,568 INFO o.a.j.g.a.Start: Shutting test down
2024-04-25 14:32:39,587 INFO o.a.j.t.JMeterThread: Stopping: NLU_Search 1-1
2024-04-25 14:32:41,722 INFO o.a.j.t.JMeterThread: Thread finished: NLU_Search 1-1
2024-04-25 14:32:41,723 INFO o.a.j.e.StandardJMeterEngine: Notifying test listeners of end of test
2024-04-25 14:32:41,723 INFO o.a.j.g.u.JMeterMenuBar: setRunning(false, *local*)
